[35m[1mScanning dependencies of target sensor_msgs_generate_messages_py
[0m[35m[1mScanning dependencies of target bond_generate_messages_lisp
[35m[1mScanning dependencies of target roscpp_generate_messages_lisp
[0m[0m[  0%] Built target sensor_msgs_generate_messages_py
[  0%] [  0%] Built target bond_generate_messages_lisp
Built target roscpp_generate_messages_lisp
[35m[1mScanning dependencies of target ublox_msgs_generate_messages_cpp
[0m[35m[1mScanning dependencies of target ublox_msgs_generate_messages_py
[0m[35m[1mScanning dependencies of target nodelet_generate_messages_lisp
[0m[  0%] [  0%] Built target ublox_msgs_generate_messages_cpp
Built target ublox_msgs_generate_messages_py
[  0%] Built target nodelet_generate_messages_lisp
[35m[1mScanning dependencies of target sensor_msgs_generate_messages_cpp
[0m[35m[1mScanning dependencies of target rosgraph_msgs_generate_messages_lisp
[0m[35m[1mScanning dependencies of target nodelet_generate_messages_cpp
[0m[  0%] Built target sensor_msgs_generate_messages_cpp
[  0%] [  0%] Built target nodelet_generate_messages_cpp
Built target rosgraph_msgs_generate_messages_lisp
[35m[1mScanning dependencies of target roscpp_generate_messages_py
[0m[35m[1mScanning dependencies of target rosgraph_msgs_generate_messages_py
[35m[1mScanning dependencies of target sensor_msgs_generate_messages_lisp
[0m[0m[  0%] Built target roscpp_generate_messages_py
[  0%] [  0%] Built target sensor_msgs_generate_messages_lisp
Built target rosgraph_msgs_generate_messages_py
[35m[1mScanning dependencies of target std_msgs_generate_messages_lisp
[35m[1mScanning dependencies of target rosgraph_msgs_generate_messages_cpp
[0m[0m[35m[1mScanning dependencies of target std_msgs_generate_messages_py
[0m[  0%] Built target std_msgs_generate_messages_lisp
[  0%] [  0%] Built target rosgraph_msgs_generate_messages_cpp
Built target std_msgs_generate_messages_py
[35m[1mScanning dependencies of target std_msgs_generate_messages_cpp
[0m[35m[1mScanning dependencies of target geometry_msgs_generate_messages_lisp
[35m[1mScanning dependencies of target ublox_msgs_generate_messages_lisp
[0m[0m[  0%] Built target std_msgs_generate_messages_cpp
[  0%] Built target ublox_msgs_generate_messages_lisp
[  0%] Built target geometry_msgs_generate_messages_lisp
[35m[1mScanning dependencies of target roscpp_generate_messages_cpp
[0m[35m[1mScanning dependencies of target bond_generate_messages_py
[0m[35m[1mScanning dependencies of target nodelet_generate_messages_py
[  0%] [0mBuilt target roscpp_generate_messages_cpp
[  0%] [  0%] Built target bond_generate_messages_py
Built target nodelet_generate_messages_py
[35m[1mScanning dependencies of target geometry_msgs_generate_messages_cpp
[0m[35m[1mScanning dependencies of target bond_generate_messages_cpp
[35m[1mScanning dependencies of target geometry_msgs_generate_messages_py
[0m[0m[  0%] Built target geometry_msgs_generate_messages_cpp
[  0%] [  0%] Built target bond_generate_messages_cpp
Built target geometry_msgs_generate_messages_py
[35m[1mScanning dependencies of target rqt_rover_gui
[0m[  3%] [32mBuilding CXX object CMakeFiles/rqt_rover_gui.dir/Version.cpp.o
[0m[  7%] [ 11%] [32mBuilding CXX object CMakeFiles/rqt_rover_gui.dir/src/JoystickGripperInterface.cpp.o
[0m[32mBuilding CXX object CMakeFiles/rqt_rover_gui.dir/src/GazeboSimManager.cpp.o
[0m[ 14%] [32mBuilding CXX object CMakeFiles/rqt_rover_gui.dir/src/rover_gui_plugin.cpp.o
[0m[ 18%] [32mBuilding CXX object CMakeFiles/rqt_rover_gui.dir/src/CameraFrame.cpp.o
[0m[ 22%] [32mBuilding CXX object CMakeFiles/rqt_rover_gui.dir/src/MapFrame.cpp.o
[0m[ 25%] [32mBuilding CXX object CMakeFiles/rqt_rover_gui.dir/src/USFrame.cpp.o
[0m[ 29%] [32mBuilding CXX object CMakeFiles/rqt_rover_gui.dir/src/GPSFrame.cpp.o
[0m[ 33%] [32mBuilding CXX object CMakeFiles/rqt_rover_gui.dir/src/MapData.cpp.o
[0m[ 37%] [32mBuilding CXX object CMakeFiles/rqt_rover_gui.dir/src/IMUFrame.cpp.o
[0m[ 40%] [32mBuilding CXX object CMakeFiles/rqt_rover_gui.dir/src/BWTabWidget.cpp.o
[0m[ 44%] [32mBuilding CXX object CMakeFiles/rqt_rover_gui.dir/src/moc_rover_gui_plugin.cxx.o
[0m[ 48%] [32mBuilding CXX object CMakeFiles/rqt_rover_gui.dir/src/moc_CameraFrame.cxx.o
[0m[ 51%] [32mBuilding CXX object CMakeFiles/rqt_rover_gui.dir/src/moc_MapFrame.cxx.o
[0m[ 55%] [32mBuilding CXX object CMakeFiles/rqt_rover_gui.dir/src/moc_USFrame.cxx.o
[0m[ 59%] [32mBuilding CXX object CMakeFiles/rqt_rover_gui.dir/src/moc_GPSFrame.cxx.o
[0m[ 62%] [32mBuilding CXX object CMakeFiles/rqt_rover_gui.dir/src/moc_IMUFrame.cxx.o
[0m[ 66%] [32mBuilding CXX object CMakeFiles/rqt_rover_gui.dir/src/moc_JoystickGripperInterface.cxx.o
[0m[31m[1mLinking CXX shared library /home/anil/rover_workspace/devel/lib/librqt_rover_gui.so
[0m[100%] Built target rqt_rover_gui
