[35m[1mScanning dependencies of target _ublox_msgs_generate_messages_check_deps_NavSTATUS
[35m[1mScanning dependencies of target sensor_msgs_generate_messages_py
[0m[35m[1mScanning dependencies of target _ublox_msgs_generate_messages_check_deps_NavPOSLLH
[0m[0m[35m[1mScanning dependencies of target _ublox_msgs_generate_messages_check_deps_RxmSFRB
[0m[  0%] Built target sensor_msgs_generate_messages_py
[35m[1mScanning dependencies of target _ublox_msgs_generate_messages_check_deps_MonVER
[0m[  0%] [  0%] [  0%] Built target _ublox_msgs_generate_messages_check_deps_NavSTATUS
Built target _ublox_msgs_generate_messages_check_deps_NavPOSLLH
Built target _ublox_msgs_generate_messages_check_deps_RxmSFRB
[  0%] Built target _ublox_msgs_generate_messages_check_deps_MonVER
[35m[1mScanning dependencies of target _ublox_msgs_generate_messages_check_deps_RxmALM
[35m[1mScanning dependencies of target _ublox_msgs_generate_messages_check_deps_RxmSVSI
[35m[1mScanning dependencies of target _ublox_msgs_generate_messages_check_deps_NavDOP
[0m[0m[0m[35m[1mScanning dependencies of target _ublox_msgs_generate_messages_check_deps_NavDGPS_SV
[0m[  0%] [  0%] Built target _ublox_msgs_generate_messages_check_deps_RxmALM
Built target _ublox_msgs_generate_messages_check_deps_NavDOP
[  0%] Built target _ublox_msgs_generate_messages_check_deps_RxmSVSI
[  0%] Built target _ublox_msgs_generate_messages_check_deps_NavDGPS_SV
[35m[1mScanning dependencies of target std_msgs_generate_messages_py
[35m[1mScanning dependencies of target _ublox_msgs_generate_messages_check_deps_AidHUI
[0m[0m[35m[1mScanning dependencies of target _ublox_msgs_generate_messages_check_deps_CfgMSG
[0m[35m[1mScanning dependencies of target _ublox_msgs_generate_messages_check_deps_NavPOSECEF
[  0%] [0mBuilt target std_msgs_generate_messages_py
[35m[1mScanning dependencies of target _ublox_msgs_generate_messages_check_deps_NavSBAS
[0m[  0%] Built target _ublox_msgs_generate_messages_check_deps_AidHUI
[  0%] [  0%] Built target _ublox_msgs_generate_messages_check_deps_CfgMSG
Built target _ublox_msgs_generate_messages_check_deps_NavPOSECEF
[35m[1mScanning dependencies of target _ublox_msgs_generate_messages_check_deps_NavTIMEUTC
[0m[35m[1mScanning dependencies of target _ublox_msgs_generate_messages_check_deps_NavSBAS_SV
[0m[35m[1mScanning dependencies of target _ublox_msgs_generate_messages_check_deps_CfgCFG
[0m[  0%] Built target _ublox_msgs_generate_messages_check_deps_NavSBAS
[35m[1mScanning dependencies of target _ublox_msgs_generate_messages_check_deps_CfgNAVX5
[0m[  0%] [  0%] Built target _ublox_msgs_generate_messages_check_deps_NavSBAS_SV
Built target _ublox_msgs_generate_messages_check_deps_NavTIMEUTC
[  0%] Built target _ublox_msgs_generate_messages_check_deps_CfgCFG
[35m[1mScanning dependencies of target _ublox_msgs_generate_messages_check_deps_CfgRATE
[35m[1mScanning dependencies of target _ublox_msgs_generate_messages_check_deps_AidEPH
[0m[0m[35m[1mScanning dependencies of target _ublox_msgs_generate_messages_check_deps_CfgSBAS
[0m[  0%] Built target _ublox_msgs_generate_messages_check_deps_CfgNAVX5
[35m[1mScanning dependencies of target _ublox_msgs_generate_messages_check_deps_CfgGNSS
[0m[  0%] Built target _ublox_msgs_generate_messages_check_deps_CfgRATE
[  0%] Built target _ublox_msgs_generate_messages_check_deps_AidEPH
[  0%] [35m[1mScanning dependencies of target _ublox_msgs_generate_messages_check_deps_CfgNAV5
[0mBuilt target _ublox_msgs_generate_messages_check_deps_CfgSBAS
[35m[1mScanning dependencies of target _ublox_msgs_generate_messages_check_deps_NavSVINFO_SV
[0m[35m[1mScanning dependencies of target _ublox_msgs_generate_messages_check_deps_NavVELNED
[0m[  0%] Built target _ublox_msgs_generate_messages_check_deps_CfgGNSS
[35m[1mScanning dependencies of target _ublox_msgs_generate_messages_check_deps_NavSVINFO
[0m[  0%] Built target _ublox_msgs_generate_messages_check_deps_CfgNAV5
[  0%] Built target _ublox_msgs_generate_messages_check_deps_NavSVINFO_SV
[  0%] Built target _ublox_msgs_generate_messages_check_deps_NavVELNED
[35m[1mScanning dependencies of target _ublox_msgs_generate_messages_check_deps_CfgPRT
[0m[35m[1mScanning dependencies of target _ublox_msgs_generate_messages_check_deps_RxmRAW_SV
[0m[35m[1mScanning dependencies of target _ublox_msgs_generate_messages_check_deps_AidALM
[  0%] Built target _ublox_msgs_generate_messages_check_deps_NavSVINFO
[0m[35m[1mScanning dependencies of target _ublox_msgs_generate_messages_check_deps_RxmEPH
[0m[  0%] Built target _ublox_msgs_generate_messages_check_deps_CfgPRT
[  0%] Built target _ublox_msgs_generate_messages_check_deps_RxmRAW_SV
[  0%] Built target _ublox_msgs_generate_messages_check_deps_AidALM
[35m[1mScanning dependencies of target _ublox_msgs_generate_messages_check_deps_NavVELECEF
[0m[35m[1mScanning dependencies of target _ublox_msgs_generate_messages_check_deps_CfgANT
[35m[1mScanning dependencies of target _ublox_msgs_generate_messages_check_deps_NavTIMEGPS
[0m[  0%] [0mBuilt target _ublox_msgs_generate_messages_check_deps_RxmEPH
[35m[1mScanning dependencies of target _ublox_msgs_generate_messages_check_deps_RxmRAW
[0m[  0%] Built target _ublox_msgs_generate_messages_check_deps_NavVELECEF
[  0%] Built target _ublox_msgs_generate_messages_check_deps_CfgANT
[  0%] [35m[1mScanning dependencies of target _ublox_msgs_generate_messages_check_deps_NavCLOCK
[0mBuilt target _ublox_msgs_generate_messages_check_deps_NavTIMEGPS
[35m[1mScanning dependencies of target _ublox_msgs_generate_messages_check_deps_RxmSVSI_SV
[0m[35m[1mScanning dependencies of target _ublox_msgs_generate_messages_check_deps_NavSOL
[0m[  0%] Built target _ublox_msgs_generate_messages_check_deps_RxmRAW
[35m[1mScanning dependencies of target _ublox_msgs_generate_messages_check_deps_NavDGPS
[0m[  0%] Built target _ublox_msgs_generate_messages_check_deps_NavCLOCK
[35m[1mScanning dependencies of target roscpp_generate_messages_cpp
[0m[  0%] [  0%] Built target _ublox_msgs_generate_messages_check_deps_RxmSVSI_SV
Built target _ublox_msgs_generate_messages_check_deps_NavSOL
[  0%] Built target roscpp_generate_messages_cpp
[35m[1mScanning dependencies of target sensor_msgs_generate_messages_lisp
[  0%] [0mBuilt target _ublox_msgs_generate_messages_check_deps_NavDGPS
[35m[1mScanning dependencies of target geometry_msgs_generate_messages_py
[35m[1mScanning dependencies of target geometry_msgs_generate_messages_lisp
[0m[0m[  0%] Built target sensor_msgs_generate_messages_lisp
[35m[1mScanning dependencies of target sensor_msgs_generate_messages_cpp
[0m[  0%] [  0%] Built target geometry_msgs_generate_messages_py
Built target geometry_msgs_generate_messages_lisp
[35m[1mScanning dependencies of target geometry_msgs_generate_messages_cpp
[0m[  0%] Built target sensor_msgs_generate_messages_cpp
[35m[1mScanning dependencies of target rosgraph_msgs_generate_messages_lisp
[  0%] [35m[1mScanning dependencies of target rosgraph_msgs_generate_messages_cpp
[0m[0mBuilt target geometry_msgs_generate_messages_cpp
[35m[1mScanning dependencies of target std_msgs_generate_messages_cpp
[0m[  0%] [  0%] Built target rosgraph_msgs_generate_messages_cpp
Built target rosgraph_msgs_generate_messages_lisp
[35m[1mScanning dependencies of target _catkin_empty_exported_target
[  0%] [0mBuilt target std_msgs_generate_messages_cpp
[35m[1mScanning dependencies of target roscpp_generate_messages_lisp
[0m[35m[1mScanning dependencies of target roscpp_generate_messages_py
[0m[35m[1mScanning dependencies of target std_msgs_generate_messages_lisp
[  0%] [0mBuilt target _catkin_empty_exported_target
[  0%] Built target roscpp_generate_messages_lisp
[  0%] Built target roscpp_generate_messages_py
[  0%] [35m[1mScanning dependencies of target rosgraph_msgs_generate_messages_py
Built target std_msgs_generate_messages_lisp
[35m[1mScanning dependencies of target ublox_msgs_generate_messages_cpp
[35m[1mScanning dependencies of target ublox_msgs_generate_messages_py
[0m[0m[35m[1mScanning dependencies of target ublox_msgs_generate_messages_lisp
[0m[ 34%] Built target ublox_msgs_generate_messages_py
[ 66%] [0mBuilt target ublox_msgs_generate_messages_cpp
[ 98%] Built target ublox_msgs_generate_messages_lisp
[ 98%] Built target rosgraph_msgs_generate_messages_py
[35m[1mScanning dependencies of target ublox_msgs_generate_messages
[0m[ 98%] Built target ublox_msgs_generate_messages
[35m[1mScanning dependencies of target ublox_msgs
[0m[100%] [32mBuilding CXX object CMakeFiles/ublox_msgs.dir/src/ublox_msgs.cpp.o
[0m[31m[1mLinking CXX shared library /home/anil/rover_workspace/devel/lib/libublox_msgs.so
[0m[100%] Built target ublox_msgs
